This is pdfTeX, Version 3.14159265-2.6-1.40.18 (TeX Live 2017/Arch Linux) (preloaded format=pdflatex 2018.3.7)  26 APR 2018 11:52
entering extended mode
 restricted \write18 enabled.
 file:line:error style messages enabled.
 %&-line parsing enabled.
**ProjectReport.tex
(./ProjectReport.tex
LaTeX2e <2017-04-15>
Babel <3.18> and hyphenation patterns for 84 language(s) loaded.
(/usr/share/texmf-dist/tex/latex/base/report.cls
Document Class: report 2014/09/29 v1.4h Standard LaTeX document class
(/usr/share/texmf-dist/tex/latex/base/size12.clo
File: size12.clo 2014/09/29 v1.4h Standard LaTeX file (size option)
)
\c@part=\count79
\c@chapter=\count80
\c@section=\count81
\c@subsection=\count82
\c@subsubsection=\count83
\c@paragraph=\count84
\c@subparagraph=\count85
\c@figure=\count86
\c@table=\count87
\abovecaptionskip=\skip41
\belowcaptionskip=\skip42
\bibindent=\dimen102
) (/usr/share/texmf-dist/tex/latex/graphics/graphicx.sty
Package: graphicx 2017/06/01 v1.1a Enhanced LaTeX Graphics (DPC,SPQR)
 (/usr/share/texmf-dist/tex/latex/graphics/keyval.sty
Package: keyval 2014/10/28 v1.15 key=value parser (DPC)
\KV@toks@=\toks14
) (/usr/share/texmf-dist/tex/latex/graphics/graphics.sty
Package: graphics 2017/06/25 v1.2c Standard LaTeX Graphics (DPC,SPQR)
 (/usr/share/texmf-dist/tex/latex/graphics/trig.sty
Package: trig 2016/01/03 v1.10 sin cos tan (DPC)
) (/usr/share/texmf-dist/tex/latex/graphics-cfg/graphics.cfg
File: graphics.cfg 2016/06/04 v1.11 sample graphics configuration
)
Package graphics Info: Driver file: pdftex.def on input line 99.
 (/usr/share/texmf-dist/tex/latex/graphics-def/pdftex.def
File: pdftex.def 2018/01/08 v1.0l Graphics/color driver for pdftex
))
\Gin@req@height=\dimen103
\Gin@req@width=\dimen104
) (/usr/share/texmf-dist/tex/latex/graphics/color.sty
Package: color 2016/07/10 v1.1e Standard LaTeX Color (DPC)
 (/usr/share/texmf-dist/tex/latex/graphics-cfg/color.cfg
File: color.cfg 2016/01/02 v1.6 sample color configuration
)
Package color Info: Driver file: pdftex.def on input line 147.
) (/usr/share/texmf-dist/tex/latex/tools/verbatim.sty
Package: verbatim 2014/10/28 v1.5q LaTeX2e package for verbatim enhancements
\every@verbatim=\toks15
\verbatim@line=\toks16
\verbatim@in@stream=\read1
) (/usr/share/texmf-dist/tex/latex/amsmath/amsmath.sty
Package: amsmath 2017/09/02 v2.17a AMS math features
\@mathmargin=\skip43

For additional information on amsmath, use the `?' option.
(/usr/share/texmf-dist/tex/latex/amsmath/amstext.sty
Package: amstext 2000/06/29 v2.01 AMS text
 (/usr/share/texmf-dist/tex/latex/amsmath/amsgen.sty
File: amsgen.sty 1999/11/30 v2.0 generic functions
\@emptytoks=\toks17
\ex@=\dimen105
)) (/usr/share/texmf-dist/tex/latex/amsmath/amsbsy.sty
Package: amsbsy 1999/11/29 v1.2d Bold Symbols
\pmbraise@=\dimen106
) (/usr/share/texmf-dist/tex/latex/amsmath/amsopn.sty
Package: amsopn 2016/03/08 v2.02 operator names
)
\inf@bad=\count88
LaTeX Info: Redefining \frac on input line 213.
\uproot@=\count89
\leftroot@=\count90
LaTeX Info: Redefining \overline on input line 375.
\classnum@=\count91
\DOTSCASE@=\count92
LaTeX Info: Redefining \ldots on input line 472.
LaTeX Info: Redefining \dots on input line 475.
LaTeX Info: Redefining \cdots on input line 596.
\Mathstrutbox@=\box26
\strutbox@=\box27
\big@size=\dimen107
LaTeX Font Info:    Redeclaring font encoding OML on input line 712.
LaTeX Font Info:    Redeclaring font encoding OMS on input line 713.
\macc@depth=\count93
\c@MaxMatrixCols=\count94
\dotsspace@=\muskip10
\c@parentequation=\count95
\dspbrk@lvl=\count96
\tag@help=\toks18
\row@=\count97
\column@=\count98
\maxfields@=\count99
\andhelp@=\toks19
\eqnshift@=\dimen108
\alignsep@=\dimen109
\tagshift@=\dimen110
\tagwidth@=\dimen111
\totwidth@=\dimen112
\lineht@=\dimen113
\@envbody=\toks20
\multlinegap=\skip44
\multlinetaggap=\skip45
\mathdisplay@stack=\toks21
LaTeX Info: Redefining \[ on input line 2817.
LaTeX Info: Redefining \] on input line 2818.
) (/usr/share/texmf-dist/tex/latex/amsfonts/amssymb.sty
Package: amssymb 2013/01/14 v3.01 AMS font symbols
 (/usr/share/texmf-dist/tex/latex/amsfonts/amsfonts.sty
Package: amsfonts 2013/01/14 v3.01 Basic AMSFonts support
\symAMSa=\mathgroup4
\symAMSb=\mathgroup5
LaTeX Font Info:    Overwriting math alphabet `\mathfrak' in version `bold'
(Font)                  U/euf/m/n --> U/euf/b/n on input line 106.
)) (/usr/share/texmf-dist/tex/latex/cite/cite.sty
LaTeX Info: Redefining \cite on input line 302.
LaTeX Info: Redefining \nocite on input line 332.
Package: cite 2015/02/27  v 5.5
) (/usr/share/texmf-dist/tex/latex/tools/tabularx.sty
Package: tabularx 2016/02/03 v2.11 `tabularx' package (DPC)
 (/usr/share/texmf-dist/tex/latex/tools/array.sty
Package: array 2016/10/06 v2.4d Tabular extension package (FMi)
\col@sep=\dimen114
\extrarowheight=\dimen115
\NC@list=\toks22
\extratabsurround=\skip46
\backup@length=\skip47
)
\TX@col@width=\dimen116
\TX@old@table=\dimen117
\TX@old@col=\dimen118
\TX@target=\dimen119
\TX@delta=\dimen120
\TX@cols=\count100
\TX@ftn=\toks23
) (/usr/share/texmf-dist/tex/latex/booktabs/booktabs.sty
Package: booktabs 2016/04/27 v1.618033 publication quality tables
\heavyrulewidth=\dimen121
\lightrulewidth=\dimen122
\cmidrulewidth=\dimen123
\belowrulesep=\dimen124
\belowbottomsep=\dimen125
\aboverulesep=\dimen126
\abovetopsep=\dimen127
\cmidrulesep=\dimen128
\cmidrulekern=\dimen129
\defaultaddspace=\dimen130
\@cmidla=\count101
\@cmidlb=\count102
\@aboverulesep=\dimen131
\@belowrulesep=\dimen132
\@thisruleclass=\count103
\@lastruleclass=\count104
\@thisrulewidth=\dimen133
) (/usr/share/texmf-dist/tex/latex/algorithms/algorithmic.sty
Package: algorithmic 2009/08/24 v0.1 Document Style `algorithmic'
 (/usr/share/texmf-dist/tex/latex/base/ifthen.sty
Package: ifthen 2014/09/29 v1.1c Standard LaTeX ifthen package (DPC)
)
\c@ALC@unique=\count105
\c@ALC@line=\count106
\c@ALC@rem=\count107
\c@ALC@depth=\count108
\ALC@tlm=\skip48
\algorithmicindent=\skip49
) (/usr/share/texmf-dist/tex/latex/algorithms/algorithm.sty
Package: algorithm 2009/08/24 v0.1 Document Style `algorithm' - floating environment
 (/usr/share/texmf-dist/tex/latex/float/float.sty
Package: float 2001/11/08 v1.3d Float enhancements (AL)
\c@float@type=\count109
\float@exts=\toks24
\float@box=\box28
\@float@everytoks=\toks25
\@floatcapt=\box29
)
\@float@every@algorithm=\toks26
\c@algorithm=\count110
) (/usr/share/texmf-dist/tex/latex/appendix/appendix.sty
Package: appendix 2009/09/02 v1.2b extra appendix facilities
\c@@pps=\count111
\c@@ppsavesec=\count112
\c@@ppsaveapp=\count113
) (/usr/share/texmf-dist/tex/latex/hyperref/hyperref.sty
Package: hyperref 2018/02/06 v6.86b Hypertext links for LaTeX
 (/usr/share/texmf-dist/tex/generic/oberdiek/hobsub-hyperref.sty
Package: hobsub-hyperref 2016/05/16 v1.14 Bundle oberdiek, subset hyperref (HO)
 (/usr/share/texmf-dist/tex/generic/oberdiek/hobsub-generic.sty
Package: hobsub-generic 2016/05/16 v1.14 Bundle oberdiek, subset generic (HO)
Package: hobsub 2016/05/16 v1.14 Construct package bundles (HO)
Package: infwarerr 2016/05/16 v1.4 Providing info/warning/error messages (HO)
Package: ltxcmds 2016/05/16 v1.23 LaTeX kernel commands for general use (HO)
Package: ifluatex 2016/05/16 v1.4 Provides the ifluatex switch (HO)
Package ifluatex Info: LuaTeX not detected.
Package: ifvtex 2016/05/16 v1.6 Detect VTeX and its facilities (HO)
Package ifvtex Info: VTeX not detected.
Package: intcalc 2016/05/16 v1.2 Expandable calculations with integers (HO)
Package: ifpdf 2017/03/15 v3.2 Provides the ifpdf switch
Package: etexcmds 2016/05/16 v1.6 Avoid name clashes with e-TeX commands (HO)
Package etexcmds Info: Could not find \expanded.
(etexcmds)             That can mean that you are not using pdfTeX 1.50 or
(etexcmds)             that some package has redefined \expanded.
(etexcmds)             In the latter case, load this package earlier.
Package: kvsetkeys 2016/05/16 v1.17 Key value parser (HO)
Package: kvdefinekeys 2016/05/16 v1.4 Define keys (HO)
Package: pdftexcmds 2018/01/21 v0.26 Utility functions of pdfTeX for LuaTeX (HO)
Package pdftexcmds Info: LuaTeX not detected.
Package pdftexcmds Info: \pdf@primitive is available.
Package pdftexcmds Info: \pdf@ifprimitive is available.
Package pdftexcmds Info: \pdfdraftmode found.
Package: pdfescape 2016/05/16 v1.14 Implements pdfTeX's escape features (HO)
Package: bigintcalc 2016/05/16 v1.4 Expandable calculations on big integers (HO)
Package: bitset 2016/05/16 v1.2 Handle bit-vector datatype (HO)
Package: uniquecounter 2016/05/16 v1.3 Provide unlimited unique counter (HO)
)
Package hobsub Info: Skipping package `hobsub' (already loaded).
Package: letltxmacro 2016/05/16 v1.5 Let assignment for LaTeX macros (HO)
Package: hopatch 2016/05/16 v1.3 Wrapper for package hooks (HO)
Package: xcolor-patch 2016/05/16 xcolor patch
Package: atveryend 2016/05/16 v1.9 Hooks at the very end of document (HO)
Package atveryend Info: \enddocument detected (standard20110627).
Package: atbegshi 2016/06/09 v1.18 At begin shipout hook (HO)
Package: refcount 2016/05/16 v3.5 Data extraction from label references (HO)
Package: hycolor 2016/05/16 v1.8 Color options for hyperref/bookmark (HO)
)
(/usr/share/texmf-dist/tex/generic/ifxetex/ifxetex.sty
Package: ifxetex 2010/09/12 v0.6 Provides ifxetex conditional
) (/usr/share/texmf-dist/tex/latex/oberdiek/auxhook.sty
Package: auxhook 2016/05/16 v1.4 Hooks for auxiliary files (HO)
) (/usr/share/texmf-dist/tex/latex/oberdiek/kvoptions.sty
Package: kvoptions 2016/05/16 v3.12 Key value format for package options (HO)
)
\@linkdim=\dimen134
\Hy@linkcounter=\count114
\Hy@pagecounter=\count115
 (/usr/share/texmf-dist/tex/latex/hyperref/pd1enc.def
File: pd1enc.def 2018/02/06 v6.86b Hyperref: PDFDocEncoding definition (HO)
)
\Hy@SavedSpaceFactor=\count116
 (/usr/share/texmf-dist/tex/latex/latexconfig/hyperref.cfg
File: hyperref.cfg 2002/06/06 v1.2 hyperref configuration of TeXLive
)
Package hyperref Info: Option `bookmarks' set `true' on input line 4383.
Package hyperref Info: Hyper figures OFF on input line 4509.
Package hyperref Info: Link nesting OFF on input line 4514.
Package hyperref Info: Hyper index ON on input line 4517.
Package hyperref Info: Plain pages OFF on input line 4524.
Package hyperref Info: Backreferencing OFF on input line 4529.
Package hyperref Info: Implicit mode ON; LaTeX internals redefined.
Package hyperref Info: Bookmarks ON on input line 4762.
\c@Hy@tempcnt=\count117
 (/usr/share/texmf-dist/tex/latex/url/url.sty
\Urlmuskip=\muskip11
Package: url 2013/09/16  ver 3.4  Verb mode for urls, etc.
)
LaTeX Info: Redefining \url on input line 5115.
\XeTeXLinkMargin=\dimen135
\Fld@menulength=\count118
\Field@Width=\dimen136
\Fld@charsize=\dimen137
Package hyperref Info: Hyper figures OFF on input line 6369.
Package hyperref Info: Link nesting OFF on input line 6374.
Package hyperref Info: Hyper index ON on input line 6377.
Package hyperref Info: backreferencing OFF on input line 6384.
Package hyperref Info: Link coloring OFF on input line 6389.
Package hyperref Info: Link coloring with OCG OFF on input line 6394.
Package hyperref Info: PDF/A mode OFF on input line 6399.
LaTeX Info: Redefining \ref on input line 6439.
LaTeX Info: Redefining \pageref on input line 6443.
\Hy@abspage=\count119
\c@Item=\count120
\c@Hfootnote=\count121
)
Package hyperref Info: Driver: hpdftex.
 (/usr/share/texmf-dist/tex/latex/hyperref/hpdftex.def
File: hpdftex.def 2018/02/06 v6.86b Hyperref driver for pdfTeX
\Fld@listcount=\count122
\c@bookmark@seq@number=\count123
 (/usr/share/texmf-dist/tex/latex/oberdiek/rerunfilecheck.sty
Package: rerunfilecheck 2016/05/16 v1.8 Rerun checks for auxiliary files (HO)
Package uniquecounter Info: New unique counter `rerunfilecheck' on input line 282.
)
\Hy@SectionHShift=\skip50
) (/usr/share/texmf-dist/tex/latex/fancyhdr/fancyhdr.sty
Package: fancyhdr 2017/06/30 v3.9a Extensive control of page headers and footers
\f@nch@headwidth=\skip51
\f@nch@O@elh=\skip52
\f@nch@O@erh=\skip53
\f@nch@O@olh=\skip54
\f@nch@O@orh=\skip55
\f@nch@O@elf=\skip56
\f@nch@O@erf=\skip57
\f@nch@O@olf=\skip58
\f@nch@O@orf=\skip59
)
\c@theorem=\count124
\c@definition=\count125
\c@example=\count126


LaTeX Warning: Unused global option(s):
    [runningheads].

(./ProjectReport.aux (./Dedication/dedication.aux) (./Declaration/declaration.aux) (./Certificate/certificate.aux) (./Acknowledgements/ack.aux) (./Abstract/abstract.aux) (./Abbreviations/loa.aux) (./Notation/notations.aux) (./Chapter1/ch1.aux) (./Chapter2/ch2.aux) (./Chapter3/ch3.aux) (./Chapter4/ch4.aux) (./Chapter5/ch5.aux) (./Chapter6/ch6.aux) (./Chapter7/ch7.aux) (./Appendix/appendix.aux) (./ProjectDetail/PD.aux))
\openout1 = `ProjectReport.aux'.

LaTeX Font Info:    Checking defaults for OML/cmm/m/it on input line 26.
LaTeX Font Info:    ... okay on input line 26.
LaTeX Font Info:    Checking defaults for T1/cmr/m/n on input line 26.
LaTeX Font Info:    ... okay on input line 26.
LaTeX Font Info:    Checking defaults for OT1/cmr/m/n on input line 26.
LaTeX Font Info:    ... okay on input line 26.
LaTeX Font Info:    Checking defaults for OMS/cmsy/m/n on input line 26.
LaTeX Font Info:    ... okay on input line 26.
LaTeX Font Info:    Checking defaults for OMX/cmex/m/n on input line 26.
LaTeX Font Info:    ... okay on input line 26.
LaTeX Font Info:    Checking defaults for U/cmr/m/n on input line 26.
LaTeX Font Info:    ... okay on input line 26.
LaTeX Font Info:    Checking defaults for PD1/pdf/m/n on input line 26.
LaTeX Font Info:    ... okay on input line 26.
 (/usr/share/texmf-dist/tex/context/base/mkii/supp-pdf.mkii
[Loading MPS to PDF converter (version 2006.09.02).]
\scratchcounter=\count127
\scratchdimen=\dimen138
\scratchbox=\box30
\nofMPsegments=\count128
\nofMParguments=\count129
\everyMPshowfont=\toks27
\MPscratchCnt=\count130
\MPscratchDim=\dimen139
\MPnumerator=\count131
\makeMPintoPDFobject=\count132
\everyMPtoPDFconversion=\toks28
) (/usr/share/texmf-dist/tex/latex/oberdiek/epstopdf-base.sty
Package: epstopdf-base 2016/05/15 v2.6 Base part for package epstopdf
 (/usr/share/texmf-dist/tex/latex/oberdiek/grfext.sty
Package: grfext 2016/05/16 v1.2 Manage graphics extensions (HO)
)
Package epstopdf-base Info: Redefining graphics rule for `.eps' on input line 438.
Package grfext Info: Graphics extension search list:
(grfext)             [.pdf,.png,.jpg,.mps,.jpeg,.jbig2,.jb2,.PDF,.PNG,.JPG,.JPEG,.JBIG2,.JB2,.eps]
(grfext)             \AppendGraphicsExtensions on input line 456.
 (/usr/share/texmf-dist/tex/latex/latexconfig/epstopdf-sys.cfg
File: epstopdf-sys.cfg 2010/07/13 v1.3 Configuration of (r)epstopdf for TeX Live
))
\AtBeginShipoutBox=\box31
Package hyperref Info: Link coloring OFF on input line 26.
 (/usr/share/texmf-dist/tex/latex/hyperref/nameref.sty
Package: nameref 2016/05/21 v2.44 Cross-referencing by name of section
 (/usr/share/texmf-dist/tex/generic/oberdiek/gettitlestring.sty
Package: gettitlestring 2016/05/16 v1.5 Cleanup title references (HO)
)
\c@section@level=\count133
)
LaTeX Info: Redefining \ref on input line 26.
LaTeX Info: Redefining \pageref on input line 26.
LaTeX Info: Redefining \nameref on input line 26.
 (./ProjectReport.out) (./ProjectReport.out)
\@outlinefile=\write3
\openout3 = `ProjectReport.out'.

LaTeX Font Info:    Try loading font information for U+msa on input line 63.
 (/usr/share/texmf-dist/tex/latex/amsfonts/umsa.fd
File: umsa.fd 2013/01/14 v3.01 AMS symbols A
)
LaTeX Font Info:    Try loading font information for U+msb on input line 63.
 (/usr/share/texmf-dist/tex/latex/amsfonts/umsb.fd
File: umsb.fd 2013/01/14 v3.01 AMS symbols B
)
<MITLogo.jpg, id=116, 459.243pt x 61.101pt>
File: MITLogo.jpg Graphic file (type jpg)
<use MITLogo.jpg>
Package pdftex.def Info: MITLogo.jpg  used on input line 76.
(pdftex.def)             Requested size: 459.24187pt x 61.10085pt.

Overfull \hbox (61.75688pt too wide) in paragraph at lines 76--77
 [] 
 []

[1

{/var/lib/texmf/fonts/map/pdftex/updmap/pdftex.map} <./MITLogo.jpg>]
\openout2 = `Dedication/dedication.aux'.

 (./Dedication/dedication.tex) [1

]
\openout2 = `Declaration/declaration.aux'.

 (./Declaration/declaration.tex) [2


]
\openout2 = `Certificate/certificate.aux'.

 (./Certificate/certificate.tex
File: MITLogo.jpg Graphic file (type jpg)
<use MITLogo.jpg>
Package pdftex.def Info: MITLogo.jpg  used on input line 3.
(pdftex.def)             Requested size: 459.24187pt x 61.10085pt.

Overfull \hbox (61.75688pt too wide) in paragraph at lines 3--4
 [] 
 []


Overfull \hbox (60.13501pt too wide) in paragraph at lines 23--30
 [][] 
 []

) [3


]
\openout2 = `Acknowledgements/ack.aux'.

 (./Acknowledgements/ack.tex) [4


]
\openout2 = `Abstract/abstract.aux'.

 (./Abstract/abstract.tex
Overfull \hbox (2.37753pt too wide) in paragraph at lines 6--7
\OT1/cmr/m/n/12 ab-stract. My ab-stract.My ab-stract. My ab-stract.My ab-stract. My ab-stract.My
 []


Overfull \hbox (2.37753pt too wide) in paragraph at lines 6--7
\OT1/cmr/m/n/12 ab-stract. My ab-stract.My ab-stract. My ab-stract.My ab-stract. My ab-stract.My
 []


Overfull \hbox (2.37753pt too wide) in paragraph at lines 6--7
\OT1/cmr/m/n/12 ab-stract. My ab-stract.My ab-stract. My ab-stract.My ab-stract. My ab-stract.My
 []


Overfull \hbox (2.37753pt too wide) in paragraph at lines 6--7
\OT1/cmr/m/n/12 ab-stract. My ab-stract.My ab-stract. My ab-stract.My ab-stract. My ab-stract.My
 []


Overfull \hbox (2.37753pt too wide) in paragraph at lines 6--7
\OT1/cmr/m/n/12 ab-stract. My ab-stract.My ab-stract. My ab-stract.My ab-stract. My ab-stract.My
 []


Overfull \hbox (2.37753pt too wide) in paragraph at lines 6--7
\OT1/cmr/m/n/12 ab-stract. My ab-stract.My ab-stract. My ab-stract.My ab-stract. My ab-stract.My
 []

Missing character: There is no â in font cmr12!
Missing character: There is no € in font cmr12!
Missing character: There is no ” in font cmr12!
Missing character: There is no â in font cmr12!
Missing character: There is no € in font cmr12!
Missing character: There is no ” in font cmr12!

Overfull \hbox (0.79695pt too wide) in paragraph at lines 10--11
[]\OT1/cmr/bx/n/12 [Security and Pri-vacy]\OT1/cmr/m/n/12 : Cryp-tog-ra-phykey man-age-ment, sym-met-ric cryp-
 []

) [5


] (./ProjectReport.toc [6


])
\tf@toc=\write4
\openout4 = `ProjectReport.toc'.

 [7] (./ProjectReport.lot)
\tf@lot=\write5
\openout5 = `ProjectReport.lot'.

 [8

] (./ProjectReport.lof)
\tf@lof=\write6
\openout6 = `ProjectReport.lof'.

 [9

]
\openout2 = `Abbreviations/loa.aux'.

 (./Abbreviations/loa.tex) [10

]
\openout2 = `Notation/notations.aux'.

 (./Notation/notations.tex) [11


]
\openout2 = `Chapter1/ch1.aux'.

 (./Chapter1/ch1.tex
Chapter 1.
<Chapter1/LHTL.png, id=215, 330.033pt x 326.6604pt>
File: Chapter1/LHTL.png Graphic file (type png)
<use Chapter1/LHTL.png>
Package pdftex.def Info: Chapter1/LHTL.png  used on input line 11.
(pdftex.def)             Requested size: 330.03218pt x 326.65959pt.
)pdfTeX warning (ext4): destination with the same identifier (name{page.1}) has been already used, duplicate ignored
<to be read again> 
                   \relax 
l.108 \include{Chapter1/ch1}
                             [1



] [2 <./Chapter1/LHTL.png>]
\openout2 = `Chapter2/ch2.aux'.

 (./Chapter2/ch2.tex
Chapter 2.
) [3



]
\openout2 = `Chapter3/ch3.aux'.

 (./Chapter3/ch3.tex
Chapter 3.
) [4



]
\openout2 = `Chapter4/ch4.aux'.

 (./Chapter4/ch4.tex
Chapter 4.
) [5



]
\openout2 = `Chapter5/ch5.aux'.

 (./Chapter5/ch5.tex
Chapter 5.
) [6



]
\openout2 = `Chapter6/ch6.aux'.

 (./Chapter6/ch6.tex
Chapter 6.
) [7



]
\openout2 = `Chapter7/ch7.aux'.

 (./Chapter7/ch7.tex
Chapter 7.
) [8



] [9


]
\openout2 = `Appendix/appendix.aux'.

 (./Appendix/appendix.tex
Appendix A.
[10


] [11] [12] [13] [14] [15] [16] [17] [18]
Appendix B.
[19

] [20] [21]) [22] (./ProjectReport.bbl [23


]) [24]
\openout2 = `ProjectDetail/PD.aux'.

 (./ProjectDetail/PD.tex
Overfull \hbox (7.07196pt too wide) in paragraph at lines 34--34
[]|\OT1/cmr/m/n/6 baravkar.nikhil05@gmail.com| 
 []


Underfull \hbox (badness 10000) in paragraph at lines 34--34
[]|\OT1/cmr/bx/n/8 Supervisor Full
 []


Underfull \hbox (badness 2080) in paragraph at lines 34--34
[]|\OT1/cmr/m/n/8 Full Con-tact Ad-dress
 []


Underfull \hbox (badness 2080) in paragraph at lines 34--34
[]|\OT1/cmr/m/n/8 Full Con-tact Ad-dress
 []


Underfull \hbox (badness 10000) in paragraph at lines 34--36

 []

) [25]
Package atveryend Info: Empty hook `BeforeClearDocument' on input line 130.
Package atveryend Info: Empty hook `AfterLastShipout' on input line 130.
 (./ProjectReport.aux (./Dedication/dedication.aux) (./Declaration/declaration.aux) (./Certificate/certificate.aux) (./Acknowledgements/ack.aux) (./Abstract/abstract.aux) (./Abbreviations/loa.aux) (./Notation/notations.aux) (./Chapter1/ch1.aux) (./Chapter2/ch2.aux) (./Chapter3/ch3.aux) (./Chapter4/ch4.aux) (./Chapter5/ch5.aux) (./Chapter6/ch6.aux) (./Chapter7/ch7.aux) (./Appendix/appendix.aux) (./ProjectDetail/PD.aux))
Package atveryend Info: Executing hook `AtVeryEndDocument' on input line 130.
Package atveryend Info: Executing hook `AtEndAfterFileList' on input line 130.
Package rerunfilecheck Info: File `ProjectReport.out' has not changed.
(rerunfilecheck)             Checksum: EC619223CB2EB29E06F478B23AF1B116;1553.
Package atveryend Info: Empty hook `AtVeryVeryEnd' on input line 130.
 ) 
Here is how much of TeX's memory you used:
 6996 strings out of 492982
 98431 string characters out of 6138580
 203650 words of memory out of 5000000
 10252 multiletter control sequences out of 15000+600000
 13184 words of font info for 49 fonts, out of 8000000 for 9000
 1141 hyphenation exceptions out of 8191
 28i,10n,43p,1831b,566s stack positions out of 5000i,500n,10000p,200000b,80000s
</usr/share/texmf-dist/fonts/type1/public/amsfonts/cm/cmbx10.pfb></usr/share/texmf-dist/fonts/type1/public/amsfonts/cm/cmbx12.pfb></usr/share/texmf-dist/fonts/type1/public/amsfonts/cm/cmbx8.pfb></usr/share/texmf-dist/fonts/type1/public/amsfonts/cm/cmmi12.pfb></usr/share/texmf-dist/fonts/type1/public/amsfonts/cm/cmr12.pfb></usr/share/texmf-dist/fonts/type1/public/amsfonts/cm/cmr6.pfb></usr/share/texmf-dist/fonts/type1/public/amsfonts/cm/cmr8.pfb></usr/share/texmf-dist/fonts/type1/public/amsfonts/cm/cmsy8.pfb></usr/share/texmf-dist/fonts/type1/public/amsfonts/cm/cmti10.pfb></usr/share/texmf-dist/fonts/type1/public/amsfonts/cm/cmti12.pfb></usr/share/texmf-dist/fonts/type1/public/amsfonts/cm/cmti8.pfb></usr/share/texmf-dist/fonts/type1/public/amsfonts/cm/cmtt8.pfb>
Output written on ProjectReport.pdf (37 pages, 496466 bytes).
PDF statistics:
 406 PDF objects out of 1000 (max. 8388607)
 348 compressed objects within 4 object streams
 77 named destinations out of 1000 (max. 500000)
 243 words of extra memory for PDF output out of 10000 (max. 10000000)

