\BOOKMARK [0][-]{Doc-Start}{Acknowledgements}{}% 1
\BOOKMARK [0][-]{Doc-Start}{Abstract}{}% 2
\BOOKMARK [0][-]{chapter*.2}{List of Tables}{}% 3
\BOOKMARK [0][-]{chapter*.3}{List of Figures}{}% 4
\BOOKMARK [0][-]{chapter*.3}{Abbreviations}{}% 5
\BOOKMARK [0][-]{chapter*.3}{Notations}{}% 6
\BOOKMARK [0][-]{chapter.1}{Introduction}{}% 7
\BOOKMARK [1][-]{section.1.1}{Background}{chapter.1}% 8
\BOOKMARK [1][-]{section.1.2}{Objectives}{chapter.1}% 9
\BOOKMARK [1][-]{section.1.3}{Limitations of Study}{chapter.1}% 10
\BOOKMARK [0][-]{chapter.2}{Literature Review}{}% 11
\BOOKMARK [1][-]{section.2.1}{Taxonomy for Intrusion Detection Systems}{chapter.2}% 12
\BOOKMARK [0][-]{chapter.3}{Chapter Title}{}% 13
\BOOKMARK [1][-]{section.3.1}{ffffh}{chapter.3}% 14
\BOOKMARK [0][-]{chapter.4}{Chapter Title}{}% 15
\BOOKMARK [1][-]{section.4.1}{abvvv}{chapter.4}% 16
\BOOKMARK [0][-]{chapter.5}{Chapter Title}{}% 17
\BOOKMARK [1][-]{section.5.1}{ghf}{chapter.5}% 18
\BOOKMARK [0][-]{chapter.6}{Chapter Title}{}% 19
\BOOKMARK [1][-]{section.6.1}{vvvvv}{chapter.6}% 20
\BOOKMARK [0][-]{chapter.7}{Conclusion}{}% 21
\BOOKMARK [1][-]{section.7.1}{fff}{chapter.7}% 22
\BOOKMARK [0][-]{section*.11}{Appendices}{}% 23
\BOOKMARK [0][-]{appendix.A}{Code \(if required\)}{}% 24
\BOOKMARK [1][-]{section.A.1}{Kerberos Protocol}{appendix.A}% 25
\BOOKMARK [1][-]{section.A.2}{Kerberos Protocol with Freshness Concept}{appendix.A}% 26
\BOOKMARK [0][-]{appendix.B}{Trace Files}{}% 27
\BOOKMARK [1][-]{section.B.1}{Replay Attack}{appendix.B}% 28
\BOOKMARK [1][-]{section.B.2}{Replay Attack overcome using Freshness Concept}{appendix.B}% 29
\BOOKMARK [0][-]{section.B.2}{References}{}% 30
\BOOKMARK [0][-]{appendix*.12}{ProjectDetail}{}% 31
